<?xml version="1.0" encoding="UTF-8"?>
<!-- Generated by org.testng.reporters.JUnitReportReporter -->
<testsuite hostname="LAPTOP-E462BQ6V" failures="0" tests="2" name="TestCases.HomePageTest" time="0.175" errors="0" timestamp="2024-11-30T11:51:35 IST" skipped="0">
  <testcase classname="TestCases.HomePageTest" name="testSearchButtonEnabled" time="0.003"/>
  <testcase classname="TestCases.HomePageTest" name="testSearchBoxPresence" time="0.172"/>
</testsuite> <!-- TestCases.HomePageTest -->
